<?xml version="1.0" encoding="UTF-8"?>
<testng-results ignored="0" total="6" passed="6" failed="0" skipped="0">
  <reporter-output>
  </reporter-output>
  <suite started-at="2021-05-30T11:44:05Z" name="Default suite" finished-at="2021-05-30T11:44:05Z" duration-ms="64">
    <groups>
    </groups>
    <test started-at="2021-05-30T11:44:05Z" name="Default test" finished-at="2021-05-30T11:44:05Z" duration-ms="64">
      <class name="testNg.LearnPriority">
        <test-method signature="testMinus2()[pri:-2, instance:testNg.LearnPriority@58695725]" started-at="2021-05-30T17:14:05Z" name="testMinus2" finished-at="2021-05-30T17:14:05Z" duration-ms="18" status="PASS">
          <reporter-output>
          </reporter-output>
        </test-method> <!-- testMinus2 -->
        <test-method signature="testMinus1()[pri:-1, instance:testNg.LearnPriority@58695725]" started-at="2021-05-30T17:14:05Z" name="testMinus1" finished-at="2021-05-30T17:14:05Z" duration-ms="1" status="PASS">
          <reporter-output>
          </reporter-output>
        </test-method> <!-- testMinus1 -->
        <test-method signature="atest2()[pri:0, instance:testNg.LearnPriority@58695725]" started-at="2021-05-30T17:14:05Z" name="atest2" finished-at="2021-05-30T17:14:05Z" duration-ms="2" status="PASS">
          <reporter-output>
          </reporter-output>
        </test-method> <!-- atest2 -->
        <test-method signature="test3()[pri:0, instance:testNg.LearnPriority@58695725]" started-at="2021-05-30T17:14:05Z" name="test3" finished-at="2021-05-30T17:14:05Z" duration-ms="2" status="PASS">
          <reporter-output>
          </reporter-output>
        </test-method> <!-- test3 -->
        <test-method signature="test1()[pri:1, instance:testNg.LearnPriority@58695725]" started-at="2021-05-30T17:14:05Z" name="test1" finished-at="2021-05-30T17:14:05Z" duration-ms="2" status="PASS">
          <reporter-output>
          </reporter-output>
        </test-method> <!-- test1 -->
        <test-method signature="test4()[pri:2, instance:testNg.LearnPriority@58695725]" started-at="2021-05-30T17:14:05Z" name="test4" finished-at="2021-05-30T17:14:05Z" duration-ms="2" status="PASS">
          <reporter-output>
          </reporter-output>
        </test-method> <!-- test4 -->
      </class> <!-- testNg.LearnPriority -->
    </test> <!-- Default test -->
  </suite> <!-- Default suite -->
</testng-results>
